18/03/07 12:30:36 INFO SparkContext: Running Spark version 2.1.0
18/03/07 12:30:37 WARN NativeCodeLoader: Unable to load native-hadoop library for your platform... using builtin-java classes where applicable
18/03/07 12:30:38 INFO SecurityManager: Changing view acls to: Hendrik
18/03/07 12:30:38 INFO SecurityManager: Changing modify acls to: Hendrik
18/03/07 12:30:38 INFO SecurityManager: Changing view acls groups to: 
18/03/07 12:30:38 INFO SecurityManager: Changing modify acls groups to: 
18/03/07 12:30:38 INFO SecurityManager: SecurityManager: authentication disabled; ui acls disabled; users  with view permissions: Set(Hendrik); groups with view permissions: Set(); users  with modify permissions: Set(Hendrik); groups with modify permissions: Set()
18/03/07 12:30:39 INFO Utils: Successfully started service 'sparkDriver' on port 50361.
18/03/07 12:30:39 INFO SparkEnv: Registering MapOutputTracker
18/03/07 12:30:39 INFO SparkEnv: Registering BlockManagerMaster
18/03/07 12:30:39 INFO BlockManagerMasterEndpoint: Using org.apache.spark.storage.DefaultTopologyMapper for getting topology information
18/03/07 12:30:39 INFO BlockManagerMasterEndpoint: BlockManagerMasterEndpoint up
18/03/07 12:30:39 INFO DiskBlockManager: Created local directory at C:\Users\Hendrik\AppData\Local\Temp\blockmgr-2be47c29-c844-4d71-9ff3-fd5fe6931151
18/03/07 12:30:39 INFO MemoryStore: MemoryStore started with capacity 366.3 MB
18/03/07 12:30:39 INFO SparkEnv: Registering OutputCommitCoordinator
18/03/07 12:30:40 INFO Utils: Successfully started service 'SparkUI' on port 4040.
18/03/07 12:30:40 INFO SparkUI: Bound SparkUI to 127.0.0.1, and started at http://127.0.0.1:4040
18/03/07 12:30:40 INFO SparkContext: Added JAR file:/C:/Users/Hendrik/Documents/R/win-library/3.4/sparklyr/java/sparklyr-2.1-2.11.jar at spark://127.0.0.1:50361/jars/sparklyr-2.1-2.11.jar with timestamp 1520400640472
18/03/07 12:30:40 INFO Executor: Starting executor ID driver on host localhost
18/03/07 12:30:40 INFO Utils: Successfully started service 'org.apache.spark.network.netty.NettyBlockTransferService' on port 50382.
18/03/07 12:30:40 INFO NettyBlockTransferService: Server created on 127.0.0.1:50382
18/03/07 12:30:40 INFO BlockManager: Using org.apache.spark.storage.RandomBlockReplicationPolicy for block replication policy
18/03/07 12:30:40 INFO BlockManagerMaster: Registering BlockManager BlockManagerId(driver, 127.0.0.1, 50382, None)
18/03/07 12:30:40 INFO BlockManagerMasterEndpoint: Registering block manager 127.0.0.1:50382 with 366.3 MB RAM, BlockManagerId(driver, 127.0.0.1, 50382, None)
18/03/07 12:30:40 INFO BlockManagerMaster: Registered BlockManager BlockManagerId(driver, 127.0.0.1, 50382, None)
18/03/07 12:30:40 INFO BlockManager: Initialized BlockManager: BlockManagerId(driver, 127.0.0.1, 50382, None)
18/03/07 12:30:42 WARN SparkContext: Using an existing SparkContext; some configuration may not take effect.
18/03/07 12:30:42 INFO SharedState: Warehouse path is 'C:UsersHendrikAppDataLocalsparkspark-2.1.0-bin-hadoop2.7	mphive'.
18/03/07 12:30:43 INFO HiveUtils: Initializing HiveMetastoreConnection version 1.2.1 using Spark classes.
18/03/07 12:30:44 INFO HiveMetaStore: 0: Opening raw store with implemenation class:org.apache.hadoop.hive.metastore.ObjectStore
18/03/07 12:30:44 INFO ObjectStore: ObjectStore, initialize called
18/03/07 12:30:45 INFO Persistence: Property hive.metastore.integral.jdo.pushdown unknown - will be ignored
18/03/07 12:30:45 INFO Persistence: Property datanucleus.cache.level2 unknown - will be ignored
18/03/07 12:30:48 INFO ObjectStore: Setting MetaStore object pin classes with hive.metastore.cache.pinobjtypes="Table,StorageDescriptor,SerDeInfo,Partition,Database,Type,FieldSchema,Order"
18/03/07 12:30:49 INFO Datastore: The class "org.apache.hadoop.hive.metastore.model.MFieldSchema" is tagged as "embedded-only" so does not have its own datastore table.
18/03/07 12:30:49 INFO Datastore: The class "org.apache.hadoop.hive.metastore.model.MOrder" is tagged as "embedded-only" so does not have its own datastore table.
18/03/07 12:30:50 INFO Datastore: The class "org.apache.hadoop.hive.metastore.model.MFieldSchema" is tagged as "embedded-only" so does not have its own datastore table.
18/03/07 12:30:50 INFO Datastore: The class "org.apache.hadoop.hive.metastore.model.MOrder" is tagged as "embedded-only" so does not have its own datastore table.
18/03/07 12:30:50 INFO MetaStoreDirectSql: Using direct SQL, underlying DB is DERBY
18/03/07 12:30:50 INFO ObjectStore: Initialized ObjectStore
18/03/07 12:30:51 WARN ObjectStore: Version information not found in metastore. hive.metastore.schema.verification is not enabled so recording the schema version 1.2.0
18/03/07 12:30:51 WARN ObjectStore: Failed to get database default, returning NoSuchObjectException
18/03/07 12:30:52 INFO HiveMetaStore: Added admin role in metastore
18/03/07 12:30:52 INFO HiveMetaStore: Added public role in metastore
18/03/07 12:30:52 INFO HiveMetaStore: No user is added in admin role, since config is empty
18/03/07 12:30:52 INFO HiveMetaStore: 0: get_all_databases
18/03/07 12:30:52 INFO audit: ugi=Hendrik	ip=unknown-ip-addr	cmd=get_all_databases	
18/03/07 12:30:52 INFO HiveMetaStore: 0: get_functions: db=default pat=*
18/03/07 12:30:52 INFO audit: ugi=Hendrik	ip=unknown-ip-addr	cmd=get_functions: db=default pat=*	
18/03/07 12:30:52 INFO Datastore: The class "org.apache.hadoop.hive.metastore.model.MResourceUri" is tagged as "embedded-only" so does not have its own datastore table.
18/03/07 12:30:52 INFO SessionState: Created local directory: C:/Users/Hendrik/AppData/Local/Temp/d599c38b-c5d3-4e57-b8f6-656efc5d1392_resources
18/03/07 12:30:52 INFO SessionState: Created HDFS directory: C:/Users/Hendrik/AppData/Local/spark/spark-2.1.0-bin-hadoop2.7/tmp/hive/Hendrik/d599c38b-c5d3-4e57-b8f6-656efc5d1392
18/03/07 12:30:53 INFO SessionState: Created local directory: C:/Users/Hendrik/AppData/Local/spark/spark-2.1.0-bin-hadoop2.7/tmp/hive/d599c38b-c5d3-4e57-b8f6-656efc5d1392
18/03/07 12:30:53 INFO SessionState: Created HDFS directory: C:/Users/Hendrik/AppData/Local/spark/spark-2.1.0-bin-hadoop2.7/tmp/hive/Hendrik/d599c38b-c5d3-4e57-b8f6-656efc5d1392/_tmp_space.db
18/03/07 12:30:53 INFO HiveClientImpl: Warehouse location for Hive client (version 1.2.1) is C:UsersHendrikAppDataLocalsparkspark-2.1.0-bin-hadoop2.7	mphive
18/03/07 12:30:53 INFO HiveMetaStore: 0: get_database: default
18/03/07 12:30:53 INFO audit: ugi=Hendrik	ip=unknown-ip-addr	cmd=get_database: default	
18/03/07 12:30:53 INFO HiveMetaStore: 0: get_database: global_temp
18/03/07 12:30:53 INFO audit: ugi=Hendrik	ip=unknown-ip-addr	cmd=get_database: global_temp	
18/03/07 12:30:53 WARN ObjectStore: Failed to get database global_temp, returning NoSuchObjectException
18/03/07 12:30:53 INFO SparkSqlParser: Parsing command: SHOW TABLES
18/03/07 12:30:58 INFO HiveMetaStore: 0: get_database: default
18/03/07 12:30:58 INFO audit: ugi=Hendrik	ip=unknown-ip-addr	cmd=get_database: default	
18/03/07 12:30:58 INFO HiveMetaStore: 0: get_database: default
18/03/07 12:30:58 INFO audit: ugi=Hendrik	ip=unknown-ip-addr	cmd=get_database: default	
18/03/07 12:30:58 INFO HiveMetaStore: 0: get_tables: db=default pat=*
18/03/07 12:30:58 INFO audit: ugi=Hendrik	ip=unknown-ip-addr	cmd=get_tables: db=default pat=*	
18/03/07 12:30:58 WARN SparkSession$Builder: Using an existing SparkSession; some configuration may not take effect.
18/03/07 12:30:58 INFO SparkSqlParser: Parsing command: SHOW TABLES
18/03/07 12:30:58 INFO HiveMetaStore: 0: get_database: default
18/03/07 12:30:58 INFO audit: ugi=Hendrik	ip=unknown-ip-addr	cmd=get_database: default	
18/03/07 12:30:58 INFO HiveMetaStore: 0: get_database: default
18/03/07 12:30:58 INFO audit: ugi=Hendrik	ip=unknown-ip-addr	cmd=get_database: default	
18/03/07 12:30:58 INFO HiveMetaStore: 0: get_tables: db=default pat=*
18/03/07 12:30:58 INFO audit: ugi=Hendrik	ip=unknown-ip-addr	cmd=get_tables: db=default pat=*	
18/03/07 12:46:46 INFO SparkContext: Invoking stop() from shutdown hook
18/03/07 12:46:46 INFO SparkUI: Stopped Spark web UI at http://127.0.0.1:4040
18/03/07 12:46:46 INFO MapOutputTrackerMasterEndpoint: MapOutputTrackerMasterEndpoint stopped!
18/03/07 12:46:47 INFO MemoryStore: MemoryStore cleared
18/03/07 12:46:47 INFO BlockManager: BlockManager stopped
18/03/07 12:46:47 INFO BlockManagerMaster: BlockManagerMaster stopped
18/03/07 12:46:47 INFO OutputCommitCoordinator$OutputCommitCoordinatorEndpoint: OutputCommitCoordinator stopped!
18/03/07 12:46:47 INFO SparkContext: Successfully stopped SparkContext
18/03/07 12:46:47 INFO ShutdownHookManager: Shutdown hook called
18/03/07 12:46:47 INFO ShutdownHookManager: Deleting directory C:\Users\Hendrik\AppData\Local\Temp\spark-d9c48b07-1c53-47fc-a3f3-e54f653b72e5
